<?xml version="1.0" encoding="UTF-8"?>
<!-- Generated by org.testng.reporters.JUnitReportReporter -->
<testsuite skipped="0" hostname="Admins-MacBook-Pro-2.local" name="testNg.Anotations" tests="6" failures="0" timestamp="13 Oct 2019 10:06:15 GMT" time="0.022" errors="0">
  <testcase name="addToCart" time="0.006" classname="testNg.Anotations"/>
  <testcase name="logout" time="0.006" classname="testNg.Anotations"/>
  <testcase name="openUrl" time="0.003" classname="testNg.Anotations"/>
  <testcase name="login" time="0.001" classname="testNg.Anotations"/>
  <testcase name="search" time="0.001" classname="testNg.Anotations"/>
  <testcase name="addAddress" time="0.005" classname="testNg.Anotations"/>
</testsuite> <!-- testNg.Anotations -->
